SUN
---
www.yahoo.com                  - 35
www.google.com                 - 5

MON
---
www.yahoo.com                  - 30
www.google.com                 - 10

TUE
---
www.yahoo.com                  - 25
www.google.com                 - 15

WED
---
www.google.com                 - 20
www.yahoo.com                  - 20

THU
---
www.google.com                 - 25
www.yahoo.com                  - 15

FRI
---
www.google.com                 - 30
www.yahoo.com                  - 10

SAT
---
www.google.com                 - 35
www.yahoo.com                  - 5

